{"component":"MAIN","instance":"","level":"info","msg":"Controller start","time":"2023-01-24T13:37:11Z"}
{"component":"MAIN","instance":"","level":"info","msg":"Mode: Dockerized (isolated)","time":"2023-01-24T13:37:11Z"}
{"component":"MAIN","instance":"","level":"info","msg":"Configuration value 'HasGPU': false","time":"2023-01-24T13:37:11Z"}
{"component":"DOCKER","instance":"","level":"info","msg":"Removing leftover Docker entities for label: fc-controller-label","time":"2023-01-24T13:37:12Z"}
{"component":"DOCKER","instance":"","level":"info","msg":"Removed 0 of 0 leftover containers","time":"2023-01-24T13:37:12Z"}
{"component":"DOCKER","instance":"","level":"info","msg":"Removed 0 of 0 leftover volumes","time":"2023-01-24T13:37:12Z"}
{"component":"DOCKER","instance":"","level":"info","msg":"Removed 1 of 1 leftover networks","time":"2023-01-24T13:37:12Z"}
{"component":"GLOBAL","instance":"","level":"info","msg":"Listening on port 9151","time":"2023-01-24T13:37:12Z"}
{"component":"GLOBAL","instance":"","level":"info","msg":"Listening on port 9150","time":"2023-01-24T13:37:12Z"}
{"component":"TESTBED","instance":"","level":"info","msg":"Create new test","time":"2023-01-24T13:51:10Z"}
{"component":"CLI","instance":"","level":"info","msg":"Result directory changed to: /data/tests/results","time":"2023-01-24T13:51:10Z"}
{"component":"TESTBED","instance":"1","level":"info","msg":"Create volumes and containers...","time":"2023-01-24T13:51:10Z"}
{"component":"DOCKER","instance":"","level":"info","msg":"Create volume test_1_input_0_1674568270","time":"2023-01-24T13:51:10Z"}
{"component":"DOCKER","instance":"","level":"info","msg":"Create volume test_1_output_0_1674568270","time":"2023-01-24T13:51:10Z"}
{"component":"TESTBED","instance":"1","level":"info","msg":"Move data to workspace from /mnt/c/Users/agock/Documents/data/unlearning_data/c1","time":"2023-01-24T13:51:10Z"}
{"component":"DOCKER","instance":"","level":"info","msg":"Move data to workspace","time":"2023-01-24T13:51:10Z"}
{"component":"DOCKER","instance":"","level":"info","msg":"Attach to internal network","time":"2023-01-24T13:51:11Z"}
{"component":"DOCKER","instance":"","level":"info","msg":"Remove application","time":"2023-01-24T13:51:13Z"}
{"component":"DOCKER","instance":"","level":"info","msg":"Intermediary container used for moving data from host to volume has been removed","time":"2023-01-24T13:51:14Z"}
{"component":"TESTBED","instance":"1","level":"info","msg":"Move generic data to input volume from /mnt/c/Users/agock/Documents/data/unlearning_data/generic","time":"2023-01-24T13:51:14Z"}
{"component":"DOCKER","instance":"","level":"info","msg":"Move data to workspace","time":"2023-01-24T13:51:14Z"}
{"component":"DOCKER","instance":"","level":"info","msg":"Attach to internal network","time":"2023-01-24T13:51:15Z"}
{"component":"DOCKER","instance":"","level":"info","msg":"Remove application","time":"2023-01-24T13:51:17Z"}
{"component":"DOCKER","instance":"","level":"info","msg":"Intermediary container used for moving data from host to volume has been removed","time":"2023-01-24T13:51:18Z"}
{"component":"TESTBED","instance":"1","level":"info","msg":"Start application","time":"2023-01-24T13:51:18Z"}
{"component":"DOCKER","instance":"","level":"info","msg":"Attach to internal network","time":"2023-01-24T13:51:18Z"}
{"component":"TESTBED","instance":"1","level":"info","msg":"Append app to list","time":"2023-01-24T13:51:20Z"}
{"component":"TESTBED","instance":"1","level":"info","msg":"Link fc_dumplings_271779293 with global socket server","time":"2023-01-24T13:51:20Z"}
{"component":"TESTBED","instance":"1","level":"info","msg":"Start local socket server","time":"2023-01-24T13:51:20Z"}
{"component":"TESTBED","instance":"1","level":"info","msg":"Link to global address","time":"2023-01-24T13:51:20Z"}
{"component":"GLOBAL","instance":"","level":"info","msg":"Registered new coordinator controller","time":"2023-01-24T13:51:20Z"}
{"component":"LOCAL","instance":"","level":"info","msg":"Received setup trigger","time":"2023-01-24T13:51:20Z"}
{"component":"LOCAL","instance":"","level":"error","msg":"Got error during setup to http://172.22.0.3:9000: Post \"http://172.22.0.3:9000/setup\": dial tcp 172.22.0.3:9000: connect: connection refused","time":"2023-01-24T13:51:20Z"}
{"component":"GLOBAL","instance":"","level":"info","msg":"Setup 35a920d2b5caaf0c997e90d978c7389430f18126e2fc68db401e3f3f7ce15adf","time":"2023-01-24T13:51:21Z"}
{"component":"TESTBED","instance":"1","level":"info","msg":"Setup triggered","time":"2023-01-24T13:51:21Z"}
{"component":"TESTBED","instance":"1","level":"info","msg":"1 apps and server created and running","time":"2023-01-24T13:51:21Z"}
{"component":"LOCAL","instance":"","level":"error","msg":"Got error code during setup: 500","time":"2023-01-24T13:51:23Z"}
{"component":"LOCAL","instance":"","level":"error","msg":"Got error code during setup: 500","time":"2023-01-24T13:51:28Z"}
{"component":"LOCAL","instance":"","level":"error","msg":"Got error code during setup: 500","time":"2023-01-24T13:51:37Z"}
{"component":"LOCAL","instance":"","level":"error","msg":"Got error code during setup: 500","time":"2023-01-24T13:51:54Z"}
{"component":"LOCAL","instance":"","level":"error","msg":"Got error code during setup: 500","time":"2023-01-24T13:52:27Z"}
{"component":"TESTBED","instance":"1","level":"error","msg":"failed to setup, maybe the container got stuck during startup","time":"2023-01-24T13:52:27Z"}
{"component":"LOCAL","instance":"","level":"info","msg":"Shutdown","time":"2023-01-24T13:52:27Z"}
{"component":"TESTBED","instance":"1","level":"info","msg":"Stopping test id: 1","time":"2023-01-24T13:52:27Z"}
{"component":"TESTBED","instance":"1","level":"info","msg":"Stopping container fc_dumplings_271779293","time":"2023-01-24T13:52:27Z"}
{"component":"GLOBAL","instance":"","level":"error","msg":"Participant (ID: eb82a0bac5580857): relaying stopped due to: read tcp 127.0.0.1:9150-\u003e127.0.0.1:43950: read: connection reset by peer","time":"2023-01-24T13:52:27Z"}
{"component":"DOCKER","instance":"","level":"info","msg":"Move data to host","time":"2023-01-24T13:52:27Z"}
{"component":"DOCKER","instance":"","level":"info","msg":"Attach to internal network","time":"2023-01-24T13:52:28Z"}
{"component":"DOCKER","instance":"","level":"info","msg":"Remove application","time":"2023-01-24T13:52:30Z"}
{"component":"DOCKER","instance":"","level":"debug","msg":"Intermediary container used for moving data from volume to host has been removed","time":"2023-01-24T13:52:32Z"}
{"component":"TESTBED","instance":"1","level":"info","msg":"Saved output volume content to /data/tests/results/results_test_1_client_0_fc_dumplings_271779293.zip","time":"2023-01-24T13:52:32Z"}
{"component":"DOCKER","instance":"","level":"info","msg":"Remove volume test_1_output_0_1674568270","time":"2023-01-24T13:52:32Z"}
{"component":"TESTBED","instance":"1","level":"info","msg":"Deleted volume test_1_output_0_1674568270","time":"2023-01-24T13:52:32Z"}
{"component":"DOCKER","instance":"","level":"info","msg":"Remove volume test_1_input_0_1674568270","time":"2023-01-24T13:52:32Z"}
{"component":"TESTBED","instance":"1","level":"info","msg":"Deleted volume test_1_input_0_1674568270","time":"2023-01-24T13:52:32Z"}
{"component":"TESTBED","instance":"","level":"info","msg":"Create new test","time":"2023-01-24T14:04:22Z"}
{"component":"CLI","instance":"","level":"info","msg":"Result directory changed to: /data/tests/results","time":"2023-01-24T14:04:22Z"}
{"component":"TESTBED","instance":"2","level":"info","msg":"Create volumes and containers...","time":"2023-01-24T14:04:22Z"}
{"component":"DOCKER","instance":"","level":"info","msg":"Create volume test_2_input_0_1674569062","time":"2023-01-24T14:04:22Z"}
{"component":"DOCKER","instance":"","level":"info","msg":"Create volume test_2_output_0_1674569062","time":"2023-01-24T14:04:22Z"}
{"component":"TESTBED","instance":"2","level":"info","msg":"Move data to workspace from /mnt/c/Users/agock/Documents/data/unlearning_data/c1","time":"2023-01-24T14:04:22Z"}
{"component":"DOCKER","instance":"","level":"info","msg":"Move data to workspace","time":"2023-01-24T14:04:22Z"}
{"component":"DOCKER","instance":"","level":"info","msg":"Attach to internal network","time":"2023-01-24T14:04:23Z"}
{"component":"DOCKER","instance":"","level":"info","msg":"Remove application","time":"2023-01-24T14:04:25Z"}
{"component":"DOCKER","instance":"","level":"info","msg":"Intermediary container used for moving data from host to volume has been removed","time":"2023-01-24T14:04:26Z"}
{"component":"TESTBED","instance":"2","level":"info","msg":"Move generic data to input volume from /mnt/c/Users/agock/Documents/data/unlearning_data/generic","time":"2023-01-24T14:04:26Z"}
{"component":"DOCKER","instance":"","level":"info","msg":"Move data to workspace","time":"2023-01-24T14:04:26Z"}
{"component":"DOCKER","instance":"","level":"info","msg":"Attach to internal network","time":"2023-01-24T14:04:27Z"}
{"component":"DOCKER","instance":"","level":"info","msg":"Remove application","time":"2023-01-24T14:04:29Z"}
{"component":"DOCKER","instance":"","level":"info","msg":"Intermediary container used for moving data from host to volume has been removed","time":"2023-01-24T14:04:30Z"}
{"component":"TESTBED","instance":"2","level":"info","msg":"Start application","time":"2023-01-24T14:04:30Z"}
{"component":"DOCKER","instance":"","level":"info","msg":"Attach to internal network","time":"2023-01-24T14:04:30Z"}
{"component":"TESTBED","instance":"2","level":"info","msg":"Append app to list","time":"2023-01-24T14:04:32Z"}
{"component":"TESTBED","instance":"2","level":"info","msg":"Link fc_dumplings_714637940 with global socket server","time":"2023-01-24T14:04:32Z"}
{"component":"TESTBED","instance":"2","level":"info","msg":"Start local socket server","time":"2023-01-24T14:04:32Z"}
{"component":"TESTBED","instance":"2","level":"info","msg":"Link to global address","time":"2023-01-24T14:04:32Z"}
{"component":"GLOBAL","instance":"","level":"info","msg":"Registered new coordinator controller","time":"2023-01-24T14:04:32Z"}
{"component":"LOCAL","instance":"","level":"info","msg":"Received setup trigger","time":"2023-01-24T14:04:32Z"}
{"component":"LOCAL","instance":"","level":"error","msg":"Got error during setup to http://172.22.0.3:9000: Post \"http://172.22.0.3:9000/setup\": dial tcp 172.22.0.3:9000: connect: connection refused","time":"2023-01-24T14:04:32Z"}
{"component":"GLOBAL","instance":"","level":"info","msg":"Setup 4ab876195338504fbdcb352c3bd4dbf398d05197a61cd59108a527de2e7e01a6","time":"2023-01-24T14:04:33Z"}
{"component":"TESTBED","instance":"2","level":"info","msg":"Setup triggered","time":"2023-01-24T14:04:33Z"}
{"component":"TESTBED","instance":"2","level":"info","msg":"1 apps and server created and running","time":"2023-01-24T14:04:33Z"}
{"component":"LOCAL","instance":"","level":"error","msg":"Got error code during setup: 500","time":"2023-01-24T14:04:35Z"}
{"component":"LOCAL","instance":"","level":"error","msg":"Got error code during setup: 500","time":"2023-01-24T14:04:40Z"}
{"component":"LOCAL","instance":"","level":"error","msg":"Got error code during setup: 500","time":"2023-01-24T14:04:49Z"}
{"component":"LOCAL","instance":"","level":"info","msg":"Shutdown","time":"2023-01-24T14:04:58Z"}
{"component":"TESTBED","instance":"2","level":"info","msg":"Stopping test id: 2","time":"2023-01-24T14:04:58Z"}
{"component":"TESTBED","instance":"2","level":"info","msg":"Stopping container fc_dumplings_714637940","time":"2023-01-24T14:04:58Z"}
{"component":"GLOBAL","instance":"","level":"error","msg":"Participant (ID: 0760842a9deda564): relaying stopped due to: read tcp 127.0.0.1:9150-\u003e127.0.0.1:44000: read: connection reset by peer","time":"2023-01-24T14:04:58Z"}
{"component":"DOCKER","instance":"","level":"info","msg":"Move data to host","time":"2023-01-24T14:04:59Z"}
{"component":"DOCKER","instance":"","level":"info","msg":"Attach to internal network","time":"2023-01-24T14:05:00Z"}
{"component":"DOCKER","instance":"","level":"info","msg":"Remove application","time":"2023-01-24T14:05:02Z"}
{"component":"DOCKER","instance":"","level":"debug","msg":"Intermediary container used for moving data from volume to host has been removed","time":"2023-01-24T14:05:03Z"}
{"component":"TESTBED","instance":"2","level":"info","msg":"Saved output volume content to /data/tests/results/results_test_2_client_0_fc_dumplings_714637940.zip","time":"2023-01-24T14:05:03Z"}
{"component":"DOCKER","instance":"","level":"info","msg":"Remove volume test_2_output_0_1674569062","time":"2023-01-24T14:05:03Z"}
{"component":"TESTBED","instance":"2","level":"info","msg":"Deleted volume test_2_output_0_1674569062","time":"2023-01-24T14:05:03Z"}
{"component":"DOCKER","instance":"","level":"info","msg":"Remove volume test_2_input_0_1674569062","time":"2023-01-24T14:05:03Z"}
{"component":"TESTBED","instance":"2","level":"info","msg":"Deleted volume test_2_input_0_1674569062","time":"2023-01-24T14:05:03Z"}
{"component":"LOCAL","instance":"","level":"error","msg":"Got error during setup to http://172.22.0.3:9000: Post \"http://172.22.0.3:9000/setup\": dial tcp 172.22.0.3:9000: i/o timeout","time":"2023-01-24T14:05:35Z"}
{"component":"LOCAL","instance":"","level":"error","msg":"Got error during setup to http://172.22.0.3:9000: Post \"http://172.22.0.3:9000/setup\": dial tcp 172.22.0.3:9000: connect: no route to host","time":"2023-01-24T14:06:08Z"}
{"component":"TESTBED","instance":"2","level":"error","msg":"failed to setup, maybe the container got stuck during startup","time":"2023-01-24T14:06:08Z"}
{"component":"TESTBED","instance":"1","level":"info","msg":"Stopping test id: 1","time":"2023-01-24T14:09:42Z"}
{"component":"TESTBED","instance":"1","level":"info","msg":"Stopping container fc_dumplings_271779293","time":"2023-01-24T14:09:42Z"}
{"component":"TESTBED","instance":"1","level":"error","msg":"Could not stop container: Error: No such container: 1b8c62bc1865776a9dd27eded61bcc35588a91f18951c1fbbbee9a27c4c4f696","time":"2023-01-24T14:09:42Z"}
{"component":"DOCKER","instance":"","level":"info","msg":"Move data to host","time":"2023-01-24T14:09:42Z"}
{"component":"DOCKER","instance":"","level":"info","msg":"Create volume test_1_output_0_1674568270","time":"2023-01-24T14:09:43Z"}
{"component":"DOCKER","instance":"","level":"info","msg":"Attach to internal network","time":"2023-01-24T14:09:43Z"}
{"component":"DOCKER","instance":"","level":"info","msg":"Remove application","time":"2023-01-24T14:09:45Z"}
{"component":"DOCKER","instance":"","level":"debug","msg":"Intermediary container used for moving data from volume to host has been removed","time":"2023-01-24T14:09:46Z"}
{"component":"TESTBED","instance":"1","level":"info","msg":"Saved output volume content to /data/tests/results/results_test_1_client_0_fc_dumplings_271779293.zip","time":"2023-01-24T14:09:46Z"}
{"component":"DOCKER","instance":"","level":"info","msg":"Remove volume test_1_output_0_1674568270","time":"2023-01-24T14:09:46Z"}
{"component":"TESTBED","instance":"1","level":"info","msg":"Deleted volume test_1_output_0_1674568270","time":"2023-01-24T14:09:46Z"}
{"component":"DOCKER","instance":"","level":"info","msg":"Remove volume test_1_input_0_1674568270","time":"2023-01-24T14:09:46Z"}
{"component":"TESTBED","instance":"1","level":"info","msg":"Deleted volume test_1_input_0_1674568270","time":"2023-01-24T14:09:46Z"}
{"component":"FLOW","instance":"","level":"error","msg":"Error getting workflow data: Get \"https://featurecloud.ai/api/project-states/10541/?token=3420ce38-3432-48c6-a9fe-4fed5797f70c\": dial tcp: lookup featurecloud.ai on 127.0.0.11:53: no such host","time":"2023-01-24T14:09:52Z"}
{"component":"FLOW","instance":"","level":"error","msg":"Error getting workflow data: Get \"https://featurecloud.ai/api/project-states/10541/?token=3420ce38-3432-48c6-a9fe-4fed5797f70c\": dial tcp: lookup featurecloud.ai on 127.0.0.11:53: read udp 127.0.0.1:43844-\u003e127.0.0.11:53: i/o timeout","time":"2023-01-24T16:02:02Z"}
{"component":"FLOW","instance":"","level":"error","msg":"Error getting workflow data: Get \"https://featurecloud.ai/api/project-states/10541/?token=3420ce38-3432-48c6-a9fe-4fed5797f70c\": dial tcp: lookup featurecloud.ai on 127.0.0.11:53: no such host","time":"2023-01-25T07:26:51Z"}
{"component":"FLOW","instance":"","level":"error","msg":"Error getting workflow data: Get \"https://featurecloud.ai/api/project-states/10541/?token=3420ce38-3432-48c6-a9fe-4fed5797f70c\": dial tcp: lookup featurecloud.ai on 127.0.0.11:53: no such host","time":"2023-01-25T07:26:54Z"}
