{"component":"MAIN","instance":"","level":"info","msg":"Controller start","time":"2023-01-11T10:54:22Z"}
{"component":"MAIN","instance":"","level":"info","msg":"Mode: Dockerized (isolated)","time":"2023-01-11T10:54:22Z"}
{"component":"MAIN","instance":"","level":"info","msg":"Configuration value 'HasGPU': false","time":"2023-01-11T10:54:22Z"}
{"component":"DOCKER","instance":"","level":"info","msg":"Removing leftover Docker entities for label: fc-controller-label","time":"2023-01-11T10:54:23Z"}
{"component":"DOCKER","instance":"","level":"info","msg":"Removed 0 of 0 leftover containers","time":"2023-01-11T10:54:23Z"}
{"component":"DOCKER","instance":"","level":"info","msg":"Removed 0 of 0 leftover volumes","time":"2023-01-11T10:54:23Z"}
{"component":"DOCKER","instance":"","level":"info","msg":"Removed 1 of 1 leftover networks","time":"2023-01-11T10:54:24Z"}
{"component":"GLOBAL","instance":"","level":"info","msg":"Listening on port 9151","time":"2023-01-11T10:54:24Z"}
{"component":"FLOW","instance":"","level":"error","msg":"Error getting workflow data: [WARNING][SITE] No site is registered. Please create a site in the frontend","time":"2023-01-11T10:54:24Z"}
{"component":"GLOBAL","instance":"","level":"info","msg":"Listening on port 9150","time":"2023-01-11T10:54:24Z"}
{"component":"FLOW","instance":"","level":"error","msg":"Error getting workflow data: [WARNING][SITE] No site is registered. Please create a site in the frontend","time":"2023-01-11T10:54:27Z"}
{"component":"FLOW","instance":"","level":"error","msg":"Error getting workflow data: [WARNING][SITE] No site is registered. Please create a site in the frontend","time":"2023-01-11T10:54:30Z"}
{"component":"FLOW","instance":"","level":"error","msg":"Error getting workflow data: [WARNING][SITE] No site is registered. Please create a site in the frontend","time":"2023-01-11T10:54:33Z"}
{"component":"HTTP","instance":"","level":"debug","msg":"Set site received","time":"2023-01-11T10:54:33Z"}
{"component":"FLOW","instance":"","level":"debug","msg":"1 projects","time":"2023-01-11T10:54:36Z"}
{"component":"FLOW","instance":"11169","level":"info","msg":"Info change for project 11169: stage: error, step: 0","time":"2023-01-11T10:54:36Z"}
{"component":"FLOW","instance":"11169","level":"error","msg":"Workflow is shutting down because of an error","time":"2023-01-11T10:54:36Z"}
{"component":"DATA","instance":"11169","level":"debug","msg":"Updated project state for project 11169","time":"2023-01-11T10:54:36Z"}
{"component":"DATA","instance":"11169","level":"debug","msg":"Updated project state for project 11169","time":"2023-01-11T10:54:36Z"}
{"component":"TESTBED","instance":"","level":"info","msg":"Create new test","time":"2023-01-11T10:56:47Z"}
{"component":"TESTBED","instance":"1","level":"info","msg":"Create volumes and containers...","time":"2023-01-11T10:56:47Z"}
{"component":"DOCKER","instance":"","level":"info","msg":"Create volume test_1_input_0_1673434607","time":"2023-01-11T10:56:47Z"}
{"component":"DOCKER","instance":"","level":"info","msg":"Create volume test_1_output_0_1673434607","time":"2023-01-11T10:56:47Z"}
{"component":"TESTBED","instance":"1","level":"info","msg":"Move data to workspace from /mnt/c/Users/agock/Documents/MasterProj/dumplings/data/client_1","time":"2023-01-11T10:56:47Z"}
{"component":"DOCKER","instance":"","level":"info","msg":"Move data to workspace","time":"2023-01-11T10:56:47Z"}
{"component":"DOCKER","instance":"","level":"info","msg":"Attach to internal network","time":"2023-01-11T10:56:47Z"}
{"component":"DOCKER","instance":"","level":"info","msg":"Remove application","time":"2023-01-11T10:56:49Z"}
{"component":"DOCKER","instance":"","level":"info","msg":"Intermediary container used for moving data from host to volume has been removed","time":"2023-01-11T10:56:50Z"}
{"component":"TESTBED","instance":"1","level":"info","msg":"Move generic data to workspace skipped, no source provided","time":"2023-01-11T10:56:50Z"}
{"component":"TESTBED","instance":"1","level":"info","msg":"Start application","time":"2023-01-11T10:56:50Z"}
{"component":"DOCKER","instance":"","level":"info","msg":"Attach to internal network","time":"2023-01-11T10:56:50Z"}
{"component":"TESTBED","instance":"1","level":"info","msg":"Append app to list","time":"2023-01-11T10:56:53Z"}
{"component":"TESTBED","instance":"1","level":"info","msg":"Link fc_dumplings_978942062 with global socket server","time":"2023-01-11T10:56:53Z"}
{"component":"TESTBED","instance":"1","level":"info","msg":"Start local socket server","time":"2023-01-11T10:56:53Z"}
{"component":"TESTBED","instance":"1","level":"info","msg":"Link to global address","time":"2023-01-11T10:56:53Z"}
{"component":"GLOBAL","instance":"","level":"info","msg":"Registered new coordinator controller","time":"2023-01-11T10:56:53Z"}
{"component":"LOCAL","instance":"","level":"info","msg":"Received setup trigger","time":"2023-01-11T10:56:53Z"}
{"component":"LOCAL","instance":"","level":"error","msg":"Got error during setup to http://172.24.0.3:9000: Post \"http://172.24.0.3:9000/setup\": dial tcp 172.24.0.3:9000: connect: connection refused","time":"2023-01-11T10:56:53Z"}
{"component":"GLOBAL","instance":"","level":"info","msg":"Setup 95701717205c58c922bb7ff5620a1aa6b9d954309cc4604a13cb84d592d53812","time":"2023-01-11T10:56:54Z"}
{"component":"TESTBED","instance":"1","level":"info","msg":"Setup triggered","time":"2023-01-11T10:56:54Z"}
{"component":"TESTBED","instance":"1","level":"info","msg":"1 apps and server created and running","time":"2023-01-11T10:56:54Z"}
{"component":"LOCAL","instance":"","level":"info","msg":"http://172.24.0.3:9000/status: Finished","time":"2023-01-11T10:56:56Z"}
{"component":"GLOBAL","instance":"","level":"info","msg":"[GLOBAL] Participant (ID: 12d71c038f1a0486) finished the current step","time":"2023-01-11T10:56:56Z"}
{"component":"LOCAL","instance":"","level":"info","msg":"Shutdown","time":"2023-01-11T10:56:57Z"}
{"component":"TESTBED","instance":"1","level":"info","msg":"Stopping test id: 1","time":"2023-01-11T10:56:57Z"}
{"component":"TESTBED","instance":"1","level":"info","msg":"Stopping container fc_dumplings_978942062","time":"2023-01-11T10:56:57Z"}
{"component":"GLOBAL","instance":"","level":"error","msg":"Participant (ID: 12d71c038f1a0486): relaying stopped due to: EOF","time":"2023-01-11T10:56:57Z"}
{"component":"DOCKER","instance":"","level":"info","msg":"Move data to host","time":"2023-01-11T10:56:57Z"}
{"component":"DOCKER","instance":"","level":"info","msg":"Attach to internal network","time":"2023-01-11T10:56:58Z"}
{"component":"DOCKER","instance":"","level":"info","msg":"Remove application","time":"2023-01-11T10:57:00Z"}
{"component":"DOCKER","instance":"","level":"debug","msg":"Intermediary container used for moving data from volume to host has been removed","time":"2023-01-11T10:57:01Z"}
{"component":"TESTBED","instance":"1","level":"info","msg":"Saved output volume content to /data/tests/results_test_1_client_0_fc_dumplings_978942062.zip","time":"2023-01-11T10:57:01Z"}
{"component":"DOCKER","instance":"","level":"info","msg":"Remove volume test_1_output_0_1673434607","time":"2023-01-11T10:57:01Z"}
{"component":"TESTBED","instance":"1","level":"info","msg":"Deleted volume test_1_output_0_1673434607","time":"2023-01-11T10:57:01Z"}
{"component":"DOCKER","instance":"","level":"info","msg":"Remove volume test_1_input_0_1673434607","time":"2023-01-11T10:57:01Z"}
{"component":"TESTBED","instance":"1","level":"info","msg":"Deleted volume test_1_input_0_1673434607","time":"2023-01-11T10:57:01Z"}
{"component":"TESTBED","instance":"1","level":"info","msg":"Stopping test id: 1","time":"2023-01-11T10:59:56Z"}
{"component":"TESTBED","instance":"1","level":"info","msg":"Stopping container fc_dumplings_978942062","time":"2023-01-11T10:59:56Z"}
{"component":"TESTBED","instance":"1","level":"error","msg":"Could not stop container: Error: No such container: 6184830a0dcadd2e2c27b3cfc7abd9a4470f7f9a9b937aaf984b29c286d5c059","time":"2023-01-11T10:59:56Z"}
{"component":"DOCKER","instance":"","level":"info","msg":"Move data to host","time":"2023-01-11T10:59:56Z"}
{"component":"DOCKER","instance":"","level":"info","msg":"Create volume test_1_output_0_1673434607","time":"2023-01-11T10:59:57Z"}
{"component":"DOCKER","instance":"","level":"info","msg":"Attach to internal network","time":"2023-01-11T10:59:57Z"}
{"component":"DOCKER","instance":"","level":"info","msg":"Remove application","time":"2023-01-11T10:59:59Z"}
{"component":"DOCKER","instance":"","level":"debug","msg":"Intermediary container used for moving data from volume to host has been removed","time":"2023-01-11T11:00:00Z"}
{"component":"TESTBED","instance":"1","level":"info","msg":"Saved output volume content to /data/tests/results_test_1_client_0_fc_dumplings_978942062.zip","time":"2023-01-11T11:00:00Z"}
{"component":"DOCKER","instance":"","level":"info","msg":"Remove volume test_1_output_0_1673434607","time":"2023-01-11T11:00:00Z"}
{"component":"TESTBED","instance":"1","level":"info","msg":"Deleted volume test_1_output_0_1673434607","time":"2023-01-11T11:00:00Z"}
{"component":"DOCKER","instance":"","level":"info","msg":"Remove volume test_1_input_0_1673434607","time":"2023-01-11T11:00:00Z"}
{"component":"TESTBED","instance":"1","level":"info","msg":"Deleted volume test_1_input_0_1673434607","time":"2023-01-11T11:00:00Z"}
{"component":"TESTBED","instance":"","level":"info","msg":"Create new test","time":"2023-01-11T11:00:02Z"}
{"component":"TESTBED","instance":"1","level":"info","msg":"Create volumes and containers...","time":"2023-01-11T11:00:02Z"}
{"component":"DOCKER","instance":"","level":"info","msg":"Create volume test_1_input_0_1673434802","time":"2023-01-11T11:00:02Z"}
{"component":"DOCKER","instance":"","level":"info","msg":"Create volume test_1_output_0_1673434802","time":"2023-01-11T11:00:02Z"}
{"component":"TESTBED","instance":"1","level":"info","msg":"Move data to workspace from /mnt/c/Users/agock/Documents/MasterProj/dumplings/data/client_1","time":"2023-01-11T11:00:02Z"}
{"component":"DOCKER","instance":"","level":"info","msg":"Move data to workspace","time":"2023-01-11T11:00:02Z"}
{"component":"DOCKER","instance":"","level":"info","msg":"Attach to internal network","time":"2023-01-11T11:00:03Z"}
{"component":"DOCKER","instance":"","level":"info","msg":"Remove application","time":"2023-01-11T11:00:05Z"}
{"component":"DOCKER","instance":"","level":"info","msg":"Intermediary container used for moving data from host to volume has been removed","time":"2023-01-11T11:00:06Z"}
{"component":"TESTBED","instance":"1","level":"info","msg":"Move generic data to workspace skipped, no source provided","time":"2023-01-11T11:00:06Z"}
{"component":"TESTBED","instance":"1","level":"info","msg":"Start application","time":"2023-01-11T11:00:06Z"}
{"component":"DOCKER","instance":"","level":"info","msg":"Attach to internal network","time":"2023-01-11T11:00:06Z"}
{"component":"TESTBED","instance":"1","level":"info","msg":"Append app to list","time":"2023-01-11T11:00:08Z"}
{"component":"TESTBED","instance":"1","level":"info","msg":"Link fc_dumplings_513077614 with global socket server","time":"2023-01-11T11:00:08Z"}
{"component":"TESTBED","instance":"1","level":"info","msg":"Start local socket server","time":"2023-01-11T11:00:08Z"}
{"component":"TESTBED","instance":"1","level":"info","msg":"Link to global address","time":"2023-01-11T11:00:08Z"}
{"component":"GLOBAL","instance":"","level":"info","msg":"Registered new coordinator controller","time":"2023-01-11T11:00:08Z"}
{"component":"LOCAL","instance":"","level":"info","msg":"Received setup trigger","time":"2023-01-11T11:00:08Z"}
{"component":"LOCAL","instance":"","level":"error","msg":"Got error during setup to http://172.24.0.3:9000: Post \"http://172.24.0.3:9000/setup\": dial tcp 172.24.0.3:9000: connect: connection refused","time":"2023-01-11T11:00:08Z"}
{"component":"GLOBAL","instance":"","level":"info","msg":"Setup 564fc72b448490fa9b3f361bace140953662321f79858c899584abf22156ed1c","time":"2023-01-11T11:00:09Z"}
{"component":"TESTBED","instance":"1","level":"info","msg":"Setup triggered","time":"2023-01-11T11:00:09Z"}
{"component":"TESTBED","instance":"1","level":"info","msg":"1 apps and server created and running","time":"2023-01-11T11:00:09Z"}
{"component":"LOCAL","instance":"","level":"info","msg":"http://172.24.0.3:9000/status: Finished","time":"2023-01-11T11:00:11Z"}
{"component":"GLOBAL","instance":"","level":"info","msg":"[GLOBAL] Participant (ID: 1e0a8851062aa8b6) finished the current step","time":"2023-01-11T11:00:11Z"}
{"component":"LOCAL","instance":"","level":"info","msg":"Shutdown","time":"2023-01-11T11:00:12Z"}
{"component":"GLOBAL","instance":"","level":"error","msg":"Participant (ID: 1e0a8851062aa8b6): relaying stopped due to: EOF","time":"2023-01-11T11:00:12Z"}
{"component":"TESTBED","instance":"1","level":"info","msg":"Stopping test id: 1","time":"2023-01-11T11:00:12Z"}
{"component":"TESTBED","instance":"1","level":"info","msg":"Stopping container fc_dumplings_513077614","time":"2023-01-11T11:00:12Z"}
{"component":"DOCKER","instance":"","level":"info","msg":"Move data to host","time":"2023-01-11T11:00:13Z"}
{"component":"DOCKER","instance":"","level":"info","msg":"Attach to internal network","time":"2023-01-11T11:00:13Z"}
{"component":"DOCKER","instance":"","level":"info","msg":"Remove application","time":"2023-01-11T11:00:15Z"}
{"component":"DOCKER","instance":"","level":"debug","msg":"Intermediary container used for moving data from volume to host has been removed","time":"2023-01-11T11:00:16Z"}
{"component":"TESTBED","instance":"1","level":"info","msg":"Saved output volume content to /data/tests/results_test_1_client_0_fc_dumplings_513077614.zip","time":"2023-01-11T11:00:16Z"}
{"component":"DOCKER","instance":"","level":"info","msg":"Remove volume test_1_output_0_1673434802","time":"2023-01-11T11:00:16Z"}
{"component":"TESTBED","instance":"1","level":"info","msg":"Deleted volume test_1_output_0_1673434802","time":"2023-01-11T11:00:16Z"}
{"component":"DOCKER","instance":"","level":"info","msg":"Remove volume test_1_input_0_1673434802","time":"2023-01-11T11:00:16Z"}
{"component":"TESTBED","instance":"1","level":"info","msg":"Deleted volume test_1_input_0_1673434802","time":"2023-01-11T11:00:16Z"}
{"component":"TESTBED","instance":"1","level":"info","msg":"Stopping test id: 1","time":"2023-01-11T11:01:07Z"}
{"component":"TESTBED","instance":"1","level":"info","msg":"Stopping container fc_dumplings_513077614","time":"2023-01-11T11:01:07Z"}
{"component":"TESTBED","instance":"1","level":"error","msg":"Could not stop container: Error: No such container: baf42b5f0a5a1fe05d8092557ea7c555a01bae3fb8290d414375175c4001a659","time":"2023-01-11T11:01:07Z"}
{"component":"DOCKER","instance":"","level":"info","msg":"Move data to host","time":"2023-01-11T11:01:07Z"}
{"component":"DOCKER","instance":"","level":"info","msg":"Create volume test_1_output_0_1673434802","time":"2023-01-11T11:01:07Z"}
{"component":"DOCKER","instance":"","level":"info","msg":"Attach to internal network","time":"2023-01-11T11:01:08Z"}
{"component":"DOCKER","instance":"","level":"info","msg":"Remove application","time":"2023-01-11T11:01:10Z"}
{"component":"DOCKER","instance":"","level":"debug","msg":"Intermediary container used for moving data from volume to host has been removed","time":"2023-01-11T11:01:11Z"}
{"component":"TESTBED","instance":"1","level":"info","msg":"Saved output volume content to /data/tests/results_test_1_client_0_fc_dumplings_513077614.zip","time":"2023-01-11T11:01:11Z"}
{"component":"DOCKER","instance":"","level":"info","msg":"Remove volume test_1_output_0_1673434802","time":"2023-01-11T11:01:11Z"}
{"component":"TESTBED","instance":"1","level":"info","msg":"Deleted volume test_1_output_0_1673434802","time":"2023-01-11T11:01:11Z"}
{"component":"DOCKER","instance":"","level":"info","msg":"Remove volume test_1_input_0_1673434802","time":"2023-01-11T11:01:11Z"}
{"component":"TESTBED","instance":"1","level":"info","msg":"Deleted volume test_1_input_0_1673434802","time":"2023-01-11T11:01:11Z"}
{"component":"TESTBED","instance":"","level":"info","msg":"Create new test","time":"2023-01-11T11:01:19Z"}
{"component":"TESTBED","instance":"1","level":"info","msg":"Create volumes and containers...","time":"2023-01-11T11:01:19Z"}
{"component":"DOCKER","instance":"","level":"info","msg":"Create volume test_1_input_0_1673434879","time":"2023-01-11T11:01:19Z"}
{"component":"DOCKER","instance":"","level":"info","msg":"Create volume test_1_output_0_1673434879","time":"2023-01-11T11:01:19Z"}
{"component":"TESTBED","instance":"1","level":"info","msg":"Move data to workspace from /mnt/c/Users/agock/Documents/MasterProj/dumplings/data/client_1","time":"2023-01-11T11:01:19Z"}
{"component":"DOCKER","instance":"","level":"info","msg":"Move data to workspace","time":"2023-01-11T11:01:19Z"}
{"component":"DOCKER","instance":"","level":"info","msg":"Attach to internal network","time":"2023-01-11T11:01:20Z"}
{"component":"DOCKER","instance":"","level":"info","msg":"Remove application","time":"2023-01-11T11:01:22Z"}
{"component":"DOCKER","instance":"","level":"info","msg":"Intermediary container used for moving data from host to volume has been removed","time":"2023-01-11T11:01:23Z"}
{"component":"TESTBED","instance":"1","level":"info","msg":"Move generic data to workspace skipped, no source provided","time":"2023-01-11T11:01:23Z"}
{"component":"TESTBED","instance":"1","level":"info","msg":"Start application","time":"2023-01-11T11:01:23Z"}
{"component":"DOCKER","instance":"","level":"info","msg":"Attach to internal network","time":"2023-01-11T11:01:23Z"}
{"component":"TESTBED","instance":"1","level":"info","msg":"Append app to list","time":"2023-01-11T11:01:25Z"}
{"component":"TESTBED","instance":"1","level":"info","msg":"Link fc_dumplings_565623859 with global socket server","time":"2023-01-11T11:01:25Z"}
{"component":"TESTBED","instance":"1","level":"info","msg":"Start local socket server","time":"2023-01-11T11:01:25Z"}
{"component":"TESTBED","instance":"1","level":"info","msg":"Link to global address","time":"2023-01-11T11:01:25Z"}
{"component":"GLOBAL","instance":"","level":"info","msg":"Registered new coordinator controller","time":"2023-01-11T11:01:25Z"}
{"component":"LOCAL","instance":"","level":"info","msg":"Received setup trigger","time":"2023-01-11T11:01:25Z"}
{"component":"LOCAL","instance":"","level":"error","msg":"Got error during setup to http://172.24.0.3:9000: Post \"http://172.24.0.3:9000/setup\": dial tcp 172.24.0.3:9000: connect: connection refused","time":"2023-01-11T11:01:25Z"}
{"component":"GLOBAL","instance":"","level":"info","msg":"Setup 3fdd6d541c7541304799b1884f0183cbc39a850399d6d611ded47c4f677fea75","time":"2023-01-11T11:01:26Z"}
{"component":"TESTBED","instance":"1","level":"info","msg":"Setup triggered","time":"2023-01-11T11:01:26Z"}
{"component":"TESTBED","instance":"1","level":"info","msg":"1 apps and server created and running","time":"2023-01-11T11:01:26Z"}
{"component":"LOCAL","instance":"","level":"info","msg":"http://172.24.0.3:9000/status: Finished","time":"2023-01-11T11:01:28Z"}
{"component":"GLOBAL","instance":"","level":"info","msg":"[GLOBAL] Participant (ID: 76591b0bcd374468) finished the current step","time":"2023-01-11T11:01:28Z"}
{"component":"LOCAL","instance":"","level":"info","msg":"Shutdown","time":"2023-01-11T11:01:29Z"}
{"component":"GLOBAL","instance":"","level":"error","msg":"Participant (ID: 76591b0bcd374468): relaying stopped due to: EOF","time":"2023-01-11T11:01:29Z"}
{"component":"TESTBED","instance":"1","level":"info","msg":"Stopping test id: 1","time":"2023-01-11T11:01:29Z"}
{"component":"TESTBED","instance":"1","level":"info","msg":"Stopping container fc_dumplings_565623859","time":"2023-01-11T11:01:29Z"}
{"component":"DOCKER","instance":"","level":"info","msg":"Move data to host","time":"2023-01-11T11:01:30Z"}
{"component":"DOCKER","instance":"","level":"info","msg":"Attach to internal network","time":"2023-01-11T11:01:30Z"}
{"component":"DOCKER","instance":"","level":"info","msg":"Remove application","time":"2023-01-11T11:01:32Z"}
{"component":"DOCKER","instance":"","level":"debug","msg":"Intermediary container used for moving data from volume to host has been removed","time":"2023-01-11T11:01:33Z"}
{"component":"TESTBED","instance":"1","level":"info","msg":"Saved output volume content to /data/tests/results_test_1_client_0_fc_dumplings_565623859.zip","time":"2023-01-11T11:01:33Z"}
{"component":"DOCKER","instance":"","level":"info","msg":"Remove volume test_1_output_0_1673434879","time":"2023-01-11T11:01:33Z"}
{"component":"TESTBED","instance":"1","level":"info","msg":"Deleted volume test_1_output_0_1673434879","time":"2023-01-11T11:01:33Z"}
{"component":"DOCKER","instance":"","level":"info","msg":"Remove volume test_1_input_0_1673434879","time":"2023-01-11T11:01:33Z"}
{"component":"TESTBED","instance":"1","level":"info","msg":"Deleted volume test_1_input_0_1673434879","time":"2023-01-11T11:01:33Z"}
{"component":"TESTBED","instance":"1","level":"info","msg":"Stopping test id: 1","time":"2023-01-11T11:02:47Z"}
{"component":"TESTBED","instance":"1","level":"info","msg":"Stopping container fc_dumplings_565623859","time":"2023-01-11T11:02:47Z"}
{"component":"TESTBED","instance":"1","level":"error","msg":"Could not stop container: Error: No such container: 5ba3e3509226ef0cc71c4f0c7d873c27d79f82f8bc3b255f5068eef13ac04807","time":"2023-01-11T11:02:47Z"}
{"component":"DOCKER","instance":"","level":"info","msg":"Move data to host","time":"2023-01-11T11:02:47Z"}
{"component":"DOCKER","instance":"","level":"info","msg":"Create volume test_1_output_0_1673434879","time":"2023-01-11T11:02:47Z"}
{"component":"DOCKER","instance":"","level":"info","msg":"Attach to internal network","time":"2023-01-11T11:02:47Z"}
{"component":"DOCKER","instance":"","level":"info","msg":"Remove application","time":"2023-01-11T11:02:50Z"}
{"component":"DOCKER","instance":"","level":"debug","msg":"Intermediary container used for moving data from volume to host has been removed","time":"2023-01-11T11:02:51Z"}
{"component":"TESTBED","instance":"1","level":"info","msg":"Saved output volume content to /data/tests/results_test_1_client_0_fc_dumplings_565623859.zip","time":"2023-01-11T11:02:51Z"}
{"component":"DOCKER","instance":"","level":"info","msg":"Remove volume test_1_output_0_1673434879","time":"2023-01-11T11:02:51Z"}
{"component":"TESTBED","instance":"1","level":"info","msg":"Deleted volume test_1_output_0_1673434879","time":"2023-01-11T11:02:51Z"}
{"component":"DOCKER","instance":"","level":"info","msg":"Remove volume test_1_input_0_1673434879","time":"2023-01-11T11:02:51Z"}
{"component":"TESTBED","instance":"1","level":"info","msg":"Deleted volume test_1_input_0_1673434879","time":"2023-01-11T11:02:51Z"}
{"component":"TESTBED","instance":"","level":"info","msg":"Create new test","time":"2023-01-11T11:02:58Z"}
{"component":"TESTBED","instance":"1","level":"info","msg":"Create volumes and containers...","time":"2023-01-11T11:02:58Z"}
{"component":"DOCKER","instance":"","level":"info","msg":"Create volume test_1_input_0_1673434978","time":"2023-01-11T11:02:58Z"}
{"component":"DOCKER","instance":"","level":"info","msg":"Create volume test_1_output_0_1673434978","time":"2023-01-11T11:02:58Z"}
{"component":"TESTBED","instance":"1","level":"info","msg":"Move data to workspace from /mnt/c/Users/agock/Documents/MasterProj/dumplings/data/client_1","time":"2023-01-11T11:02:58Z"}
{"component":"DOCKER","instance":"","level":"info","msg":"Move data to workspace","time":"2023-01-11T11:02:58Z"}
{"component":"DOCKER","instance":"","level":"info","msg":"Attach to internal network","time":"2023-01-11T11:02:59Z"}
{"component":"DOCKER","instance":"","level":"info","msg":"Remove application","time":"2023-01-11T11:03:01Z"}
{"component":"DOCKER","instance":"","level":"info","msg":"Intermediary container used for moving data from host to volume has been removed","time":"2023-01-11T11:03:02Z"}
{"component":"TESTBED","instance":"1","level":"info","msg":"Move generic data to workspace skipped, no source provided","time":"2023-01-11T11:03:02Z"}
{"component":"TESTBED","instance":"1","level":"info","msg":"Start application","time":"2023-01-11T11:03:02Z"}
{"component":"DOCKER","instance":"","level":"info","msg":"Attach to internal network","time":"2023-01-11T11:03:02Z"}
{"component":"TESTBED","instance":"1","level":"info","msg":"Append app to list","time":"2023-01-11T11:03:04Z"}
{"component":"TESTBED","instance":"1","level":"info","msg":"Link fc_dumplings_311022102 with global socket server","time":"2023-01-11T11:03:04Z"}
{"component":"TESTBED","instance":"1","level":"info","msg":"Start local socket server","time":"2023-01-11T11:03:04Z"}
{"component":"TESTBED","instance":"1","level":"info","msg":"Link to global address","time":"2023-01-11T11:03:04Z"}
{"component":"GLOBAL","instance":"","level":"info","msg":"Registered new coordinator controller","time":"2023-01-11T11:03:04Z"}
{"component":"LOCAL","instance":"","level":"info","msg":"Received setup trigger","time":"2023-01-11T11:03:04Z"}
{"component":"LOCAL","instance":"","level":"error","msg":"Got error during setup to http://172.24.0.3:9000: Post \"http://172.24.0.3:9000/setup\": dial tcp 172.24.0.3:9000: connect: connection refused","time":"2023-01-11T11:03:04Z"}
{"component":"GLOBAL","instance":"","level":"info","msg":"Setup 758ae25d0d3aa3a6358268073a5fff0ba4f57fd355ca8eec3be9e62e2c5a9e31","time":"2023-01-11T11:03:05Z"}
{"component":"TESTBED","instance":"1","level":"info","msg":"Setup triggered","time":"2023-01-11T11:03:05Z"}
{"component":"TESTBED","instance":"1","level":"info","msg":"1 apps and server created and running","time":"2023-01-11T11:03:05Z"}
{"component":"LOCAL","instance":"","level":"info","msg":"http://172.24.0.3:9000/status: Finished","time":"2023-01-11T11:03:07Z"}
{"component":"GLOBAL","instance":"","level":"info","msg":"[GLOBAL] Participant (ID: 862b9e95d63a134e) finished the current step","time":"2023-01-11T11:03:07Z"}
{"component":"LOCAL","instance":"","level":"info","msg":"Shutdown","time":"2023-01-11T11:03:08Z"}
{"component":"TESTBED","instance":"1","level":"info","msg":"Stopping test id: 1","time":"2023-01-11T11:03:08Z"}
{"component":"TESTBED","instance":"1","level":"info","msg":"Stopping container fc_dumplings_311022102","time":"2023-01-11T11:03:08Z"}
{"component":"GLOBAL","instance":"","level":"error","msg":"Participant (ID: 862b9e95d63a134e): relaying stopped due to: EOF","time":"2023-01-11T11:03:08Z"}
{"component":"DOCKER","instance":"","level":"info","msg":"Move data to host","time":"2023-01-11T11:03:08Z"}
{"component":"DOCKER","instance":"","level":"info","msg":"Attach to internal network","time":"2023-01-11T11:03:09Z"}
{"component":"DOCKER","instance":"","level":"info","msg":"Remove application","time":"2023-01-11T11:03:11Z"}
{"component":"DOCKER","instance":"","level":"debug","msg":"Intermediary container used for moving data from volume to host has been removed","time":"2023-01-11T11:03:12Z"}
{"component":"TESTBED","instance":"1","level":"info","msg":"Saved output volume content to /data/tests/results_test_1_client_0_fc_dumplings_311022102.zip","time":"2023-01-11T11:03:12Z"}
{"component":"DOCKER","instance":"","level":"info","msg":"Remove volume test_1_output_0_1673434978","time":"2023-01-11T11:03:12Z"}
{"component":"TESTBED","instance":"1","level":"info","msg":"Deleted volume test_1_output_0_1673434978","time":"2023-01-11T11:03:12Z"}
{"component":"DOCKER","instance":"","level":"info","msg":"Remove volume test_1_input_0_1673434978","time":"2023-01-11T11:03:12Z"}
{"component":"TESTBED","instance":"1","level":"info","msg":"Deleted volume test_1_input_0_1673434978","time":"2023-01-11T11:03:12Z"}
{"component":"FLOW","instance":"","level":"error","msg":"Error getting workflow data: Get \"https://featurecloud.ai/api/project-states/10541/?token=3420ce38-3432-48c6-a9fe-4fed5797f70c\": dial tcp: lookup featurecloud.ai on 127.0.0.11:53: no such host","time":"2023-01-11T15:07:17Z"}
{"component":"FLOW","instance":"","level":"error","msg":"Error getting workflow data: Get \"https://featurecloud.ai/api/project-states/10541/?token=3420ce38-3432-48c6-a9fe-4fed5797f70c\": dial tcp: lookup featurecloud.ai on 127.0.0.11:53: no such host","time":"2023-01-12T10:53:31Z"}
{"component":"FLOW","instance":"","level":"error","msg":"Error getting workflow data: Get \"https://featurecloud.ai/api/project-states/10541/?token=3420ce38-3432-48c6-a9fe-4fed5797f70c\": dial tcp: lookup featurecloud.ai on 127.0.0.11:53: no such host","time":"2023-01-12T14:07:17Z"}
{"component":"FLOW","instance":"","level":"debug","msg":"2 projects","time":"2023-01-12T14:29:05Z"}
{"component":"FLOW","instance":"11180","level":"info","msg":"Info change for project 11180: stage: init, step: 0","time":"2023-01-12T14:29:05Z"}
{"component":"FLOW","instance":"","level":"error","msg":"Error getting workflow data: Get \"https://featurecloud.ai/api/project-states/10541/?token=3420ce38-3432-48c6-a9fe-4fed5797f70c\": dial tcp: lookup featurecloud.ai on 127.0.0.11:53: no such host","time":"2023-01-12T16:03:09Z"}
{"component":"FLOW","instance":"","level":"error","msg":"Error getting workflow data: Get \"https://featurecloud.ai/api/project-states/10541/?token=3420ce38-3432-48c6-a9fe-4fed5797f70c\": dial tcp: lookup featurecloud.ai on 127.0.0.11:53: no such host","time":"2023-01-12T16:03:20Z"}
